<?xml version="1.0" encoding="UTF-8"?>
<testng-results ignored="0" total="1" passed="0" failed="1" skipped="0">
  <reporter-output>
  </reporter-output>
  <suite started-at="2025-12-11T18:24:00 ICT" name="Default suite" finished-at="2025-12-11T18:24:19 ICT" duration-ms="18925">
    <groups>
    </groups>
    <test started-at="2025-12-11T18:24:00 ICT" name="Default test" finished-at="2025-12-11T18:24:19 ICT" duration-ms="18925">
      <class name="app.SeleniumRegisterLoginTest">
        <test-method is-config="true" signature="setupClass()[pri:0, instance:app.SeleniumRegisterLoginTest@45c7e403]" started-at="2025-12-11T18:24:01 ICT" name="setupClass" finished-at="2025-12-11T18:24:01 ICT" duration-ms="951" status="PASS">
          <reporter-output>
          </reporter-output>
        </test-method> <!-- setupClass -->
        <test-method is-config="true" signature="setUp()[pri:0, instance:app.SeleniumRegisterLoginTest@45c7e403]" started-at="2025-12-11T18:24:01 ICT" name="setUp" finished-at="2025-12-11T18:24:03 ICT" duration-ms="1770" status="PASS">
          <reporter-output>
          </reporter-output>
        </test-method> <!-- setUp -->
        <test-method is-config="true" signature="setup()[pri:0, instance:app.SeleniumRegisterLoginTest@45c7e403]" started-at="2025-12-11T18:24:03 ICT" name="setup" finished-at="2025-12-11T18:24:04 ICT" duration-ms="919" status="PASS">
          <reporter-output>
          </reporter-output>
        </test-method> <!-- setup -->
        <test-method signature="testRegisterAndLoginManualFlow()[pri:0, instance:app.SeleniumRegisterLoginTest@45c7e403]" started-at="2025-12-11T18:24:04 ICT" name="testRegisterAndLoginManualFlow" finished-at="2025-12-11T18:24:19 ICT" duration-ms="15142" status="FAIL">
          <exception class="java.lang.AssertionError">
            <message>
              <![CDATA[Could not locate password input for registration.]]>
            </message>
            <full-stacktrace>
              <![CDATA[java.lang.AssertionError: Could not locate password input for registration.
at org.testng.Assert.fail(Assert.java:111)
at app.SeleniumRegisterLoginTest.testRegisterAndLoginManualFlow(SeleniumRegisterLoginTest.java:277)
at java.base/jdk.internal.reflect.NativeMethodAccessorImpl.invoke0(Native Method)
at java.base/jdk.internal.reflect.NativeMethodAccessorImpl.invoke(NativeMethodAccessorImpl.java:77)
at java.base/jdk.internal.reflect.DelegatingMethodAccessorImpl.invoke(DelegatingMethodAccessorImpl.java:43)
at java.base/java.lang.reflect.Method.invoke(Method.java:568)
at org.testng.internal.invokers.MethodInvocationHelper.invokeMethod(MethodInvocationHelper.java:139)
at org.testng.internal.invokers.TestInvoker.invokeMethod(TestInvoker.java:664)
at org.testng.internal.invokers.TestInvoker.invokeTestMethod(TestInvoker.java:227)
at org.testng.internal.invokers.MethodRunner.runInSequence(MethodRunner.java:50)
at org.testng.internal.invokers.TestInvoker$MethodInvocationAgent.invoke(TestInvoker.java:957)
at org.testng.internal.invokers.TestInvoker.invokeTestMethods(TestInvoker.java:200)
at org.testng.internal.invokers.TestMethodWorker.invokeTestMethods(TestMethodWorker.java:148)
at org.testng.internal.invokers.TestMethodWorker.run(TestMethodWorker.java:128)
at java.base/java.util.ArrayList.forEach(ArrayList.java:1511)
at org.testng.TestRunner.privateRun(TestRunner.java:848)
at org.testng.TestRunner.run(TestRunner.java:621)
at org.testng.SuiteRunner.runTest(SuiteRunner.java:443)
at org.testng.SuiteRunner.runSequentially(SuiteRunner.java:437)
at org.testng.SuiteRunner.privateRun(SuiteRunner.java:397)
at org.testng.SuiteRunner.run(SuiteRunner.java:336)
at org.testng.SuiteRunnerWorker.runSuite(SuiteRunnerWorker.java:52)
at org.testng.SuiteRunnerWorker.run(SuiteRunnerWorker.java:95)
at org.testng.TestNG.runSuitesSequentially(TestNG.java:1280)
at org.testng.TestNG.runSuitesLocally(TestNG.java:1200)
at org.testng.TestNG.runSuites(TestNG.java:1114)
at org.testng.TestNG.run(TestNG.java:1082)
at org.testng.remote.AbstractRemoteTestNG.run(AbstractRemoteTestNG.java:115)
at org.testng.remote.RemoteTestNG.initAndRun(RemoteTestNG.java:293)
at org.testng.remote.RemoteTestNG.main(RemoteTestNG.java:91)
]]>
            </full-stacktrace>
          </exception> <!-- java.lang.AssertionError -->
          <reporter-output>
          </reporter-output>
        </test-method> <!-- testRegisterAndLoginManualFlow -->
        <test-method is-config="true" signature="tearDown()[pri:0, instance:app.SeleniumRegisterLoginTest@45c7e403]" started-at="2025-12-11T18:24:19 ICT" name="tearDown" finished-at="2025-12-11T18:24:19 ICT" duration-ms="98" status="PASS">
          <reporter-output>
          </reporter-output>
        </test-method> <!-- tearDown -->
      </class> <!-- app.SeleniumRegisterLoginTest -->
    </test> <!-- Default test -->
  </suite> <!-- Default suite -->
</testng-results>
