<?xml version="1.0" encoding="UTF-8"?>
<!-- Generated by org.testng.reporters.JUnitReportReporter -->
<testsuite hostname="DESKTOP-7E01UMT" failures="0" tests="7" name="app.CalculatorTest" time="0.030" errors="0" timestamp="2025-12-11T17:58:14 ICT" skipped="0">
  <testcase classname="app.CalculatorTest" name="testAdd" time="0.016"/>
  <testcase classname="app.CalculatorTest" name="testMul" time="0.002"/>
  <testcase classname="app.CalculatorTest" name="testSub" time="0.005"/>
  <testcase classname="app.CalculatorTest" name="testDiv" time="0.001"/>
  <testcase classname="app.CalculatorTest" name="testDiv" time="0.002"/>
  <testcase classname="app.CalculatorTest" name="testDivByZero" time="0.002"/>
  <testcase classname="app.CalculatorTest" name="testDiv" time="0.002"/>
</testsuite> <!-- app.CalculatorTest -->
