<?xml version="1.0" encoding="UTF-8"?>
<!-- Generated by org.testng.reporters.JUnitReportReporter -->
<testsuite hostname="DESKTOP-7E01UMT" failures="0" tests="10" name="app.SinhVienServiceTest" time="0.071" errors="0" timestamp="2025-12-11T14:27:10 ICT" skipped="0">
  <testcase classname="app.SinhVienServiceTest" name="testAddEmptyMaSV" time="0.003"/>
  <testcase classname="app.SinhVienServiceTest" name="testAddUnderage" time="0.004"/>
  <testcase classname="app.SinhVienServiceTest" name="testAddNull" time="0.002"/>
  <testcase classname="app.SinhVienServiceTest" name="testFindNotExist" time="0.004"/>
  <testcase classname="app.SinhVienServiceTest" name="testRemove" time="0.004"/>
  <testcase classname="app.SinhVienServiceTest" name="testAddDuplicate" time="0.021"/>
  <testcase classname="app.SinhVienServiceTest" name="testRemoveNonExisting" time="0.002"/>
  <testcase classname="app.SinhVienServiceTest" name="testAddExactly17" time="0.024"/>
  <testcase classname="app.SinhVienServiceTest" name="testAddValid" time="0.003"/>
  <testcase classname="app.SinhVienServiceTest" name="testTotalMultiple" time="0.004"/>
</testsuite> <!-- app.SinhVienServiceTest -->
